{"C:\\Users\\tersg\\Desktop\\SP2-ReservationsMicroservice\\tests\\k6\\reservation\\matches.service.js": {"path":"C:\\Users\\tersg\\Desktop\\SP2-ReservationsMicroservice\\tests\\k6\\reservation\\matches.service.js","statementMap":{"0":{"start":{"line":1,"column":12},"end":{"line":1,"column":28}},"1":{"start":{"line":3,"column":20},"end":{"line":3,"column":94}},"2":{"start":{"line":6,"column":2},"end":{"line":8,"column":24}},"3":{"start":{"line":7,"column":24},"end":{"line":7,"column":28}},"4":{"start":{"line":8,"column":18},"end":{"line":8,"column":22}},"5":{"start":{"line":12,"column":4},"end":{"line":14,"column":26}},"6":{"start":{"line":13,"column":26},"end":{"line":13,"column":30}},"7":{"start":{"line":14,"column":20},"end":{"line":14,"column":24}},"8":{"start":{"line":18,"column":4},"end":{"line":26,"column":26}},"9":{"start":{"line":25,"column":26},"end":{"line":25,"column":30}},"10":{"start":{"line":26,"column":20},"end":{"line":26,"column":24}},"11":{"start":{"line":29,"column":0},"end":{"line":33,"column":2}}},"fnMap":{"0":{"name":"getMatches","decl":{"start":{"line":5,"column":15},"end":{"line":5,"column":25}},"loc":{"start":{"line":5,"column":28},"end":{"line":9,"column":1}},"line":5},"1":{"name":"(anonymous_1)","decl":{"start":{"line":7,"column":10},"end":{"line":7,"column":11}},"loc":{"start":{"line":7,"column":24},"end":{"line":7,"column":28}},"line":7},"2":{"name":"(anonymous_2)","decl":{"start":{"line":8,"column":11},"end":{"line":8,"column":12}},"loc":{"start":{"line":8,"column":18},"end":{"line":8,"column":22}},"line":8},"3":{"name":"patchMatches","decl":{"start":{"line":11,"column":15},"end":{"line":11,"column":27}},"loc":{"start":{"line":11,"column":30},"end":{"line":15,"column":3}},"line":11},"4":{"name":"(anonymous_4)","decl":{"start":{"line":13,"column":12},"end":{"line":13,"column":13}},"loc":{"start":{"line":13,"column":26},"end":{"line":13,"column":30}},"line":13},"5":{"name":"(anonymous_5)","decl":{"start":{"line":14,"column":13},"end":{"line":14,"column":14}},"loc":{"start":{"line":14,"column":20},"end":{"line":14,"column":24}},"line":14},"6":{"name":"postReservation","decl":{"start":{"line":17,"column":15},"end":{"line":17,"column":30}},"loc":{"start":{"line":17,"column":33},"end":{"line":27,"column":3}},"line":17},"7":{"name":"(anonymous_7)","decl":{"start":{"line":25,"column":12},"end":{"line":25,"column":13}},"loc":{"start":{"line":25,"column":26},"end":{"line":25,"column":30}},"line":25},"8":{"name":"(anonymous_8)","decl":{"start":{"line":26,"column":13},"end":{"line":26,"column":14}},"loc":{"start":{"line":26,"column":20},"end":{"line":26,"column":24}},"line":26}},"branchMap":{},"s":{"0":1,"1":1,"2":1,"3":1,"4":0,"5":1,"6":1,"7":0,"8":1,"9":1,"10":0,"11":1},"f":{"0":1,"1":1,"2":0,"3":1,"4":1,"5":0,"6":1,"7":1,"8":0},"b":{},"_coverageSchema":"1a1c01bbd47fc00a2c39e90264f33305004495a9","hash":"75c87d73a70d550b4183dec75a294cebeaad46e1"}
}
